nohup: ignoring input
Starting the server on port 9002
Opened the file
Writing data.json
Writing data.csv
Opened the file
Writing data.json
Writing data.csv
Opened the file
Writing data.json
Writing data.csv
Opened the file
Writing data.json
Writing data.csv
Opened the file
Writing data.json
Writing data.csv
Opened the file
Writing data.json
Writing data.csv
Opened the file
Writing data.json
Writing data.csv
Opened the file
Writing data.json
Writing data.csv
Opened the file
Writing data.json
Writing data.csv
Opened the file
Writing data.json
Writing data.csv
Opened the file
Writing data.json
Writing data.csv
Opened the file
Writing data.json
Writing data.csv
Opened the file
Writing data.json
Writing data.csv
Opened the file
Writing data.json
Writing data.csv
Opened the file
Writing data.json
Writing data.csv
Opened the file
Writing data.json
Writing data.csv
Opened the file
Writing data.json
Writing data.csv
Opened the file
Writing data.json
Writing data.csv
